\# Program start time UTC 2020.09.23 19:31:39.436
\# Local time Wednesday 23 September 2020, 3:31 pm
\o Program:		@(#)$CDS: virtuoso version 6.1.5 09/07/2011 00:20 (sjfnl010) $
\o Hierarchy:		/opt/cadence/installs/IC615/tools.lnx86/dfII/
\o Sub version:		sub-version  IC6.1.5.500.6  (32-bit addresses)
\# Host name (type):	vlsicad2.ecs.umass.edu (x86_64)
\# Operating system:	Linux 2.6.18-419.el5 #1 SMP Fri Feb 24 22:47:42 UTC 2017
\# X display name (WxH):	localhost:14.0 (2699x1764)
\# Available geometry:			TL(0:0) BR(2698:1763)
\# X server:			Moba/X
\# Depth of Visual (Root):	24 (24)
\# Number of Planes Used:	24
\# X version:		11.0 (vendor release 12004000)
\# X resource pool:	base 0x200000, mask 0x7ffff (524287), shift 0
\# 			current id 0x6a, current max 0x7fffa (524282)
\# Memory report:	maximum data size 4294967295 (0xffffffff) bytes
\# Memory report:	maximum process size 4294967295 (0xffffffff) bytes
\# Initial sbrk value:	350871552 (0x14e9e000) bytes
\# Available memory:	27541320 (0x1a43f48) kilobytes
\# System memory:	43164492 (0x292a34c) kilobytes
\# Maximum memory size:	3977338879 (0xed115fff) bytes
\# Max mem available:	3977338879 (0xed115fff) bytes
\# Initial memory used:	33243136 (0x1fb4000) bytes
\# Qt version:		4.5.3
\# Window Manager:	other
\# User Name:		chmaxwell
\o Working Directory:	vlsicad2.ecs.umass.edu:/home/ece658_2020/chmaxwell
\# Process Id:		9065
\o 
\o COPYRIGHT © 1992-2011  CADENCE DESIGN SYSTEMS INC.  ALL RIGHTS RESERVED.
\o           © 1992-2011  UNIX SYSTEMS Laboratories INC.,
\o                          Reproduced with permission.
\o 
\o This Cadence Design Systems program and online documentation are
\o proprietary/confidential information and may be disclosed/used only
\o as authorized in a license agreement controlling such use and disclosure.
\o 
\o           RESTRICTED RIGHTS NOTICE (SHORT FORM)
\o Use/reproduction/disclosure is subject to restriction
\o set forth at FAR 1252.227-19 or its equivalent.
\# Available memory:	27540296 (0x1a43b48) kilobytes UTC 2020.09.23 19:31:41.802
\o Loading geView.cxt 
\o Loading menuBuilder.cxt 
\o Loading schView.cxt 
\o Loading selectSv.cxt 
\o Loading LVS.cxt 
\o Loading layerProc.cxt 
\o Loading xlUI.cxt 
\o Loading auCore.cxt 
\o Loading vhdl.cxt 
\o Loading seismic.cxt 
\o Loading ci.cxt 
\o Loading ams.cxt 
\o Virtuoso Framework License (111) was checked out successfully. Total checkout time was 0.05s.
\o //
\o //  Calibre Skill Interface * (v2011.3_29.20) *
\o //
\o //                 Copyright Mentor Graphics Corporation 2005
\o //                             All Rights Reserved.
\o //         THIS WORK CONTAINS TRADE SECRET AND PROPRIETARY INFORMATION
\o //            WHICH IS THE PROPERTY OF MENTOR GRAPHICS CORPORATION
\o //              OR ITS LICENSORS AND IS SUBJECT TO LICENSE TERMS.
\o //
\o //
\o loading vars from /opt/cadence/FreePDK45/FreePDK45/ncsu_basekit/cdssetup/cdsenv for tool layout
\o ---------------------------------------------------------------------------
\o Welcome to the FreePDK 45nm Free, Open-Source Process Design Kit
\o 
\o This initiative is brought to you by the Semiconductor Research
\o Corporation (SRC), the National Science Foundation (NSF), Silicon
\o Integration Initiative (Si2), Mentor Graphics, and Synopsys.
\o 
\o This version of the kit was created by Rhett Davis, Paul Franzon,
\o Michael Bucher, Sunil Basavarajaiah, and Harun Demircioglu
\o of North Carolina State University, and James Stine and Ivan Castellanos
\o of Oklahoma State University.
\o 
\o Contributions and modifications to this kit are welcomed and encouraged.
\o 
\o Copyright 2007 - W. Rhett Davis, Paul Franzon, Michael Bucher,
\o                  and Sunil Basavarajaiah, North Carolina State University
\o Copyright 2008 - W. Rhett Davis, Michael Bucher, and Sunil Basavarajaiah,
\o                  North Carolina State University (ncsu_basekit subtree)
\o                  James Stine, and Ivan Castellanos,
\o                  and Oklahoma State University (osu_soc subtree)
\o Copyright 2011 - W. Rhett Davis, and Harun Demircioglu,
\o                  North Carolina State University
\o 
\o Licensed under the Apache License, Version 2.0 (the "License");
\o you may not use this file except in compliance with the License.
\o You may obtain a copy of the License at
\o 
\o     http://www.apache.org/licenses/LICENSE-2.0
\o 
\o Unless required by applicable law or agreed to in writing, software
\o distributed under the License is distributed on an "AS IS" BASIS,
\o WITHOUT WARRANTIES OR CONDITIONS OF ANY KIND, either express or implied.
\o See the License for the specific language governing permissions and
\o limitations under the License.
\o ---------------------------------------------------------------------------
\o 
\o Done loading FreePDK customizations.
\p > 
\i ddsServOpen("gates" "mux" "layout" "edit" nil)
\o Loading le.cxt 
\a hiResizeWindow(window(1) list(931:17 1529:823))
\r t
\w *WARNING* (icLic-3) Could not get license Virtuoso_Layout_Suite_L
\w *WARNING* (icLic-21) License Virtuoso_Layout_Suite_L ("95300") is not available to run Layout-L.
\w Trying to check out the license Virtuoso_Layout_Suite_XL ("95310") instead.
\w *WARNING* (icLic-3) Could not get license Virtuoso_Layout_Suite_XL
\w *WARNING* (icLic-21) License Virtuoso_Layout_Suite_XL ("95310") is not available to run Layout-L.
\w Trying to check out the license Virtuoso_Layout_Suite_GXL ("95320") instead.
\o *INFO* (icLic-25) License Virtuoso_Layout_Suite_GXL ("95320") was used to run Layout L.
\o Loading wireEdit.cxt 
\o Loading drdEdit.cxt 
\o Loading leToolbox.cxt 
\o Loading treeAssistant.cxt 
\o Loading lo.cxt 
\o Loading vb.cxt 
\o Loading pte.cxt 
\o Loading see.cxt 
\o Loading oi.cxt 
\o Loading techComp.cxt 
\o Loading vca.cxt 
\a hiMapWindow(dwindow('pteGuidePalette1))
\r t
\a hiMapWindow(dwindow('pteLayerPalette1))
\r t
\a hiMapWindow(dwindow('pteObjectPalette1))
\r t
\a hiZoomAbsoluteScale(hiGetCurrentWindow() 0.9)
\r t
\a hiResizeWindow(swindow(1) list(0:0 1536:841))
\r t
\a hiZoomAbsoluteScale(hiGetCurrentWindow() 0.9)
\r t
\a mgc_calibre_run_drc
\o //  Could not initialize Calibre layout-server socket on at localhost:9189. Trying to find free socket ...
\o //  Calibre layout-server initialized successfully at socket 5000, host localhost.
\w *WARNING* (DB-220704): The Pcell super master: NCSU_TechLib_FreePDK45/nmos_vtl/layout is not a SKILL super master.
\w                        The usage of non-SKILL Pcells in Virtuoso is not a supported feature.
\w *WARNING* (DB-220704): The Pcell super master: NCSU_TechLib_FreePDK45/dcont/layout is not a SKILL super master.
\w                        The usage of non-SKILL Pcells in Virtuoso is not a supported feature.
\w *WARNING* (DB-220704): The Pcell super master: NCSU_TechLib_FreePDK45/pmos_vtl/layout is not a SKILL super master.
\w                        The usage of non-SKILL Pcells in Virtuoso is not a supported feature.
\r t
\o //
\o //  Calibre Interactive - DRC  v2011.3_29.20    Thu Sep 8 17:10:58 PDT 2011
\o //
\o //                Copyright Mentor Graphics Corporation 1996-2008
\o //                             All Rights Reserved.
\o //         THIS WORK CONTAINS TRADE SECRET AND PROPRIETARY INFORMATION
\o //            WHICH IS THE PROPERTY OF MENTOR GRAPHICS CORPORATION
\o //              OR ITS LICENSORS AND IS SUBJECT TO LICENSE TERMS.
\o //
\o //  Running on Linux vlsicad2.ecs.umass.edu 2.6.18-419.el5 #1 SMP Fri Feb 24 22:47:42 UTC 2017 x86_64
\o //
\o //  Starting time: Wed Sep 23 15:32:56 2020
\o //
\o //  calinteractive license acquired.
\o //  Calibre Interactive authorized.
\a hiCloseWindow(swindow(1))
\r t
\a hiQuit()
\p > 
\a hiDBoxOK(hiQuitDBox)
\r t
\o 
\# Memory report: on exit 94900224 (0x5a81000) bytes, UTC 2020.09.23 20:27:37.976
\# Memory report: peak usage 94904320 (0x5a82000) bytes
