\o Program:		@(#)$CDS: libManager version 32.10 08/17/2011 23:08 (cat91amd) $
\o Sub version:		sub-version  s005 
\o Arguments:		-mpssession virtuoso9065 -mpshost vlsicad2.ecs.umass.edu 
\o Working Directory:	vlsicad2.ecs.umass.edu:/home/ece658_2020/chmaxwell
\o Qt version: 		4.5.3
\o Log file is "/home/ece658_2020/chmaxwell/libManager.log".
\o Opening libManager window.
\a nrResizeWindow(cdsLibManager list(14 944 911 809))
\a nrSetCurrentWindow(cdsLibManager)
\o changeWorkingDir("/home/ece658_2020/chmaxwell") unnecessary.
\o ddSetForcedLib("") unnecessary.
\o MPS service: map window
\o Library Manager customization server connected.
\a cdsLibManager->libListBox->value = "gates"
\a cdsLibManager->libLineEdit->value = "gates"
\a cdsLibManager->cellListBox->value = "mux"
\a cdsLibManager->cellLineEdit->value = "mux"
\a cdsLibManager->viewListBox->value = "layout"
\a cdsLibManager->viewLineEdit->value = "layout"
\a cdsLibManager->viewListBox->value = nil
\a cdsLibManager->viewListBox->value = "layout"
\o MPS request: edit design
\a nrListItemAction(cdsLibManager->gdmXTView 0 0)
\a cdsLibManager->libListBox->value = nil
\a cdsLibManager->cellListBox->value = nil
\a cdsLibManager->viewLineEdit->value = ""
\a cdsLibManager->viewListBox->value = nil
\a cdsLibManager->cellLineEdit->value = ""
\a cdsLibManager->libLineEdit->value = ""
\a cdsLibManager->libListBox->value = "gates"
\a cdsLibManager->libLineEdit->value = "gates"
\a cdsLibManager->cellListBox->value = "mux"
\a cdsLibManager->cellLineEdit->value = "mux"
\a cdsLibManager->viewListBox->value = "layout"
\a cdsLibManager->viewLineEdit->value = "layout"
\a cdsLibManager->viewLineEdit->value = ""
\a cdsLibManager->viewListBox->value = nil
\a cdsLibManager->viewListBox->value = "layout"
\a cdsLibManager->viewLineEdit->value = "layout"
\a nrSetCurrentWindow(cdsLibManager)
\a nrSetCurrentWindow(cdsLibManager)
\a nrSetWindowVisibility(cdsLibManager "hide")
\o libManager is exiting.
\a exit(0)
